<?xml version="1.0" encoding="UTF-8"?>
<!-- Generated by org.testng.reporters.JUnitReportReporter -->
<testsuite hostname="nirbhay-Vostro-1014" name="navaccessories.com.testCasse.BaseClass" tests="1" failures="0" timestamp="4 Apr 2019 11:07:09 GMT" time="61.270" errors="0">
  <testcase name="setup" time="61.270" classname="navaccessories.com.testCasse.BaseClass"/>
</testsuite> <!-- navaccessories.com.testCasse.BaseClass -->
