<?xml version="1.0" encoding="UTF-8"?>
<!-- Generated by org.testng.reporters.JUnitReportReporter -->
<testsuite hostname="nirbhay-Vostro-1014" name="navaccessories.com.pageObject.Login" tests="1" failures="0" timestamp="4 Apr 2019 06:37:58 GMT" time="3.822" errors="0">
  <testcase name="Login" time="3.822" classname="navaccessories.com.pageObject.Login"/>
</testsuite> <!-- navaccessories.com.pageObject.Login -->
